<?xml version="1.0" encoding="UTF-8"?>
<!-- Generated by org.testng.reporters.JUnitReportReporter -->
<testsuite skipped="0" hostname="admin-PC" name="org.company.CompanyInfo" tests="3" failures="0" timestamp="31 Mar 2020 13:27:35 GMT" time="0.098" errors="0">
  <testcase name="companyId" time="0.095" classname="org.company.CompanyInfo"/>
  <testcase name="companyName" time="0.002" classname="org.company.CompanyInfo"/>
  <testcase name="companyAddress" time="0.001" classname="org.company.CompanyInfo"/>
</testsuite> <!-- org.company.CompanyInfo -->
